<?xml version="1.0" encoding="utf-8" standalone="no"?>
<!--This file represents the results of running a test suite-->
<test-results name="C:\Users\li2157.SNET\Documents\Visual Studio 2012\Projects\AutoMapperSample\AutoMapperSampleTest\AutoMapperSampleTest.csproj" total="4" errors="0" failures="0" not-run="0" inconclusive="0" ignored="0" skipped="0" invalid="0" date="2012-11-12" time="20:27:11">
  <environment nunit-version="2.6.2.12296" clr-version="4.0.30319.18010" os-version="Microsoft Windows NT 6.2.9200.0" platform="Win32NT" cwd="C:\Program Files (x86)\NUnit 2.6.2\bin" machine-name="ISIDG70889" user="li2157" user-domain="SNET" />
  <culture-info current-culture="ja-JP" current-uiculture="ja-JP" />
  <test-suite type="Project" name="C:\Users\li2157.SNET\Documents\Visual Studio 2012\Projects\AutoMapperSample\AutoMapperSampleTest\AutoMapperSampleTest.csproj" executed="True" result="Success" success="True" time="0.162" asserts="0">
    <results>
      <test-suite type="Assembly" name="C:\Users\li2157.SNET\Documents\Visual Studio 2012\Projects\AutoMapperSample\AutoMapperSampleTest\bin\Debug\AutoMapperSampleTest.dll" executed="True" result="Success" success="True" time="0.162" asserts="0">
        <results>
          <test-suite type="Namespace" name="AutoMapperSampleTest" executed="True" result="Success" success="True" time="0.161" asserts="0">
            <results>
              <test-suite type="TestFixture" name="AutoMapperDriverTest" executed="True" result="Success" success="True" time="0.160" asserts="0">
                <results>
                  <test-case name="AutoMapperSampleTest.AutoMapperDriverTest.FullNameを明示的にignoreさせて値が一致する" executed="True" result="Success" success="True" time="0.048" asserts="5" />
                  <test-case name="AutoMapperSampleTest.AutoMapperDriverTest.FullNameを明示的にマッピングさせて値が一致する" executed="True" result="Success" success="True" time="0.020" asserts="5" />
                  <test-case name="AutoMapperSampleTest.AutoMapperDriverTest.プロファイルを使用してマッピングした場合値が一致する" executed="True" result="Success" success="True" time="0.043" asserts="5" />
                  <test-case name="AutoMapperSampleTest.AutoMapperDriverTest.検証なしで単純にマッピングした場合はFullNameはセットされない" executed="True" result="Success" success="True" time="0.009" asserts="5" />
                </results>
              </test-suite>
            </results>
          </test-suite>
        </results>
      </test-suite>
    </results>
  </test-suite>
</test-results>